<?xml version="1.0" encoding="UTF-8"?>
<!-- Generated by org.testng.reporters.JUnitXMLReporter -->
<testsuite ignored="0" hostname="DESKTOP-FG435U3" failures="1" tests="12" name="Test Cases" time="77.88" errors="0" timestamp="2024-08-10T10:02:41 PDT">
  <testcase classname="com.testngTest1.VerifyRegisterFunctionalityTest" name="verifyregisteringwithsameemail" time="3.498"/>
  <testcase classname="com.testngTest1.VerifyRegisterFunctionalityTest" name="verifyregisteringanaccwithmandatoryfeild" time="2.136"/>
  <testcase classname="com.testngTest1.VerifyRegisterFunctionalityTest" name="verifyregisteraccbyprovidingallfeild" time="1.674"/>
  <testcase classname="com.testngTest1.VeriyLoginFunctionalityTest" name="wrongemailpassverifyerrormsg" time="1.093"/>
  <testcase classname="com.testngTest1.VeriyLoginFunctionalityTest" name="correctemailwrongpass" time="1.044"/>
  <testcase classname="com.testngTest1.VeriyLoginFunctionalityTest" name="wrongemailcorrectpass" time="0.983"/>
  <testcase classname="com.testngTest1.VeriyLoginFunctionalityTest" name="verifylogingusingcorrectemailpass" time="1.27"/>
  <testcase classname="com.testngTest1.VeriyLoginFunctionalityTest" name="verifylogingusingcorrectemailpass" time="1.287"/>
  <testcase classname="com.testngTest1.VeriyLoginFunctionalityTest" name="verifylogingusingcorrectemailpass" time="1.134"/>
  <testcase classname="com.testngTest1.VerifySearchFunctinalityTest" name="verifysearchwithvalidprduct" time="0.689"/>
  <testcase classname="com.testngTest1.VerifySearchFunctinalityTest" name="verifysearchwithinvalidprduct" time="0.554">
    <failure type="java.lang.AssertionError" message="WarningMsgForSearchingInvalidProduct expected [abcd] but found [Products meeting the search criteria]">
      <![CDATA[java.lang.AssertionError: WarningMsgForSearchingInvalidProduct expected [abcd] but found [Products meeting the search criteria]
at com.testngTest1.VerifySearchFunctinalityTest.verifysearchwithinvalidprduct(VerifySearchFunctinalityTest.java:41)
at java.base/java.util.ArrayList.forEach(ArrayList.java:1596)
... Removed 34 stack frames]]>
    </failure>
  </testcase> <!-- verifysearchwithinvalidprduct -->
  <testcase classname="com.testngTest1.VerifySearchFunctinalityTest" name="verifysearchwithutenteringproduct" time="0.0">
    <skipped/>
  </testcase> <!-- verifysearchwithutenteringproduct -->
</testsuite> <!-- Test Cases -->
