<?xml version="1.0" encoding="UTF-8"?>
<testng-results ignored="0" total="12" passed="10" failed="1" skipped="1">
  <reporter-output>
  </reporter-output>
  <suite started-at="2024-08-10T06:08:29 PDT" name="RegressionSuite for Automation" finished-at="2024-08-10T06:09:49 PDT" duration-ms="79783">
    <groups>
    </groups>
    <test started-at="2024-08-10T06:08:29 PDT" name="Test Cases" finished-at="2024-08-10T06:09:49 PDT" duration-ms="79783">
      <class name="com.testngTest1.VerifyRegisterFunctionalityTest">
        <test-method is-config="true" signature="setup()[pri:0, instance:com.testngTest1.VerifyRegisterFunctionalityTest@351d00c0]" started-at="2024-08-10T06:08:29 PDT" name="setup" finished-at="2024-08-10T06:08:36 PDT" duration-ms="6267" status="PASS">
          <reporter-output>
          </reporter-output>
        </test-method> <!-- setup -->
        <test-method signature="verifyregisteringwithsameemail()[pri:1, instance:com.testngTest1.VerifyRegisterFunctionalityTest@351d00c0]" started-at="2024-08-10T06:08:36 PDT" name="verifyregisteringwithsameemail" finished-at="2024-08-10T06:08:37 PDT" duration-ms="1288" status="PASS">
          <reporter-output>
          </reporter-output>
        </test-method> <!-- verifyregisteringwithsameemail -->
        <test-method is-config="true" signature="teardown()[pri:0, instance:com.testngTest1.VerifyRegisterFunctionalityTest@351d00c0]" started-at="2024-08-10T06:08:37 PDT" name="teardown" finished-at="2024-08-10T06:08:37 PDT" duration-ms="359" status="PASS">
          <reporter-output>
          </reporter-output>
        </test-method> <!-- teardown -->
        <test-method is-config="true" signature="setup()[pri:0, instance:com.testngTest1.VerifyRegisterFunctionalityTest@351d00c0]" started-at="2024-08-10T06:08:37 PDT" name="setup" finished-at="2024-08-10T06:08:41 PDT" duration-ms="4100" status="PASS">
          <reporter-output>
          </reporter-output>
        </test-method> <!-- setup -->
        <test-method signature="verifyregisteringanaccwithmandatoryfeild()[pri:2, instance:com.testngTest1.VerifyRegisterFunctionalityTest@351d00c0]" started-at="2024-08-10T06:08:41 PDT" name="verifyregisteringanaccwithmandatoryfeild" finished-at="2024-08-10T06:08:43 PDT" duration-ms="1720" status="PASS">
          <reporter-output>
          </reporter-output>
        </test-method> <!-- verifyregisteringanaccwithmandatoryfeild -->
        <test-method is-config="true" signature="teardown()[pri:0, instance:com.testngTest1.VerifyRegisterFunctionalityTest@351d00c0]" started-at="2024-08-10T06:08:43 PDT" name="teardown" finished-at="2024-08-10T06:08:44 PDT" duration-ms="556" status="PASS">
          <reporter-output>
          </reporter-output>
        </test-method> <!-- teardown -->
        <test-method is-config="true" signature="setup()[pri:0, instance:com.testngTest1.VerifyRegisterFunctionalityTest@351d00c0]" started-at="2024-08-10T06:08:44 PDT" name="setup" finished-at="2024-08-10T06:08:48 PDT" duration-ms="4103" status="PASS">
          <reporter-output>
          </reporter-output>
        </test-method> <!-- setup -->
        <test-method signature="verifyregisteraccbyprovidingallfeild()[pri:3, instance:com.testngTest1.VerifyRegisterFunctionalityTest@351d00c0]" started-at="2024-08-10T06:08:48 PDT" name="verifyregisteraccbyprovidingallfeild" finished-at="2024-08-10T06:08:49 PDT" duration-ms="1726" status="PASS">
          <reporter-output>
          </reporter-output>
        </test-method> <!-- verifyregisteraccbyprovidingallfeild -->
        <test-method is-config="true" signature="teardown()[pri:0, instance:com.testngTest1.VerifyRegisterFunctionalityTest@351d00c0]" started-at="2024-08-10T06:08:49 PDT" name="teardown" finished-at="2024-08-10T06:08:50 PDT" duration-ms="354" status="PASS">
          <reporter-output>
          </reporter-output>
        </test-method> <!-- teardown -->
      </class> <!-- com.testngTest1.VerifyRegisterFunctionalityTest -->
      <class name="com.testngTest1.VeriyLoginFunctionalityTest">
        <test-method is-config="true" signature="setup()[pri:0, instance:com.testngTest1.VeriyLoginFunctionalityTest@639c2c1d]" started-at="2024-08-10T06:08:50 PDT" name="setup" finished-at="2024-08-10T06:08:55 PDT" duration-ms="5611" status="PASS">
          <reporter-output>
          </reporter-output>
        </test-method> <!-- setup -->
        <test-method signature="wrongemailpassverifyerrormsg()[pri:1, instance:com.testngTest1.VeriyLoginFunctionalityTest@639c2c1d]" started-at="2024-08-10T06:08:55 PDT" name="wrongemailpassverifyerrormsg" finished-at="2024-08-10T06:08:56 PDT" duration-ms="891" status="PASS">
          <reporter-output>
          </reporter-output>
        </test-method> <!-- wrongemailpassverifyerrormsg -->
        <test-method is-config="true" signature="teardown()[pri:0, instance:com.testngTest1.VeriyLoginFunctionalityTest@639c2c1d]" started-at="2024-08-10T06:08:56 PDT" name="teardown" finished-at="2024-08-10T06:08:57 PDT" duration-ms="284" status="PASS">
          <reporter-output>
          </reporter-output>
        </test-method> <!-- teardown -->
        <test-method is-config="true" signature="setup()[pri:0, instance:com.testngTest1.VeriyLoginFunctionalityTest@639c2c1d]" started-at="2024-08-10T06:08:57 PDT" name="setup" finished-at="2024-08-10T06:09:03 PDT" duration-ms="6423" status="PASS">
          <reporter-output>
          </reporter-output>
        </test-method> <!-- setup -->
        <test-method signature="correctemailwrongpass()[pri:2, instance:com.testngTest1.VeriyLoginFunctionalityTest@639c2c1d]" started-at="2024-08-10T06:09:03 PDT" name="correctemailwrongpass" finished-at="2024-08-10T06:09:04 PDT" duration-ms="1177" status="PASS">
          <reporter-output>
          </reporter-output>
        </test-method> <!-- correctemailwrongpass -->
        <test-method is-config="true" signature="teardown()[pri:0, instance:com.testngTest1.VeriyLoginFunctionalityTest@639c2c1d]" started-at="2024-08-10T06:09:04 PDT" name="teardown" finished-at="2024-08-10T06:09:05 PDT" duration-ms="400" status="PASS">
          <reporter-output>
          </reporter-output>
        </test-method> <!-- teardown -->
        <test-method is-config="true" signature="setup()[pri:0, instance:com.testngTest1.VeriyLoginFunctionalityTest@639c2c1d]" started-at="2024-08-10T06:09:05 PDT" name="setup" finished-at="2024-08-10T06:09:11 PDT" duration-ms="6405" status="PASS">
          <reporter-output>
          </reporter-output>
        </test-method> <!-- setup -->
        <test-method signature="wrongemailcorrectpass()[pri:3, instance:com.testngTest1.VeriyLoginFunctionalityTest@639c2c1d]" started-at="2024-08-10T06:09:11 PDT" name="wrongemailcorrectpass" finished-at="2024-08-10T06:09:12 PDT" duration-ms="964" status="PASS">
          <reporter-output>
          </reporter-output>
        </test-method> <!-- wrongemailcorrectpass -->
        <test-method is-config="true" signature="teardown()[pri:0, instance:com.testngTest1.VeriyLoginFunctionalityTest@639c2c1d]" started-at="2024-08-10T06:09:12 PDT" name="teardown" finished-at="2024-08-10T06:09:12 PDT" duration-ms="352" status="PASS">
          <reporter-output>
          </reporter-output>
        </test-method> <!-- teardown -->
        <test-method is-config="true" signature="setup()[pri:0, instance:com.testngTest1.VeriyLoginFunctionalityTest@639c2c1d]" started-at="2024-08-10T06:09:13 PDT" name="setup" finished-at="2024-08-10T06:09:19 PDT" duration-ms="6416" status="PASS">
          <reporter-output>
          </reporter-output>
        </test-method> <!-- setup -->
        <test-method signature="verifylogingusingcorrectemailpass(java.lang.String,java.lang.String)[pri:4, instance:com.testngTest1.VeriyLoginFunctionalityTest@639c2c1d]" started-at="2024-08-10T06:09:19 PDT" name="verifylogingusingcorrectemailpass" data-provider="testData" finished-at="2024-08-10T06:09:21 PDT" duration-ms="1069" status="PASS">
          <params>
            <param index="0">
              <value>
                <![CDATA[ngshubham17@gmail.com]]>
              </value>
            </param>
            <param index="1">
              <value>
                <![CDATA[shubham17796]]>
              </value>
            </param>
          </params>
          <reporter-output>
          </reporter-output>
        </test-method> <!-- verifylogingusingcorrectemailpass -->
        <test-method is-config="true" signature="teardown()[pri:0, instance:com.testngTest1.VeriyLoginFunctionalityTest@639c2c1d]" started-at="2024-08-10T06:09:21 PDT" name="teardown" finished-at="2024-08-10T06:09:21 PDT" duration-ms="347" status="PASS">
          <reporter-output>
          </reporter-output>
        </test-method> <!-- teardown -->
        <test-method is-config="true" signature="setup()[pri:0, instance:com.testngTest1.VeriyLoginFunctionalityTest@639c2c1d]" started-at="2024-08-10T06:09:21 PDT" name="setup" finished-at="2024-08-10T06:09:26 PDT" duration-ms="5497" status="PASS">
          <reporter-output>
          </reporter-output>
        </test-method> <!-- setup -->
        <test-method signature="verifylogingusingcorrectemailpass(java.lang.String,java.lang.String)[pri:4, instance:com.testngTest1.VeriyLoginFunctionalityTest@639c2c1d]" started-at="2024-08-10T06:09:26 PDT" name="verifylogingusingcorrectemailpass" data-provider="testData" finished-at="2024-08-10T06:09:28 PDT" duration-ms="1152" status="PASS">
          <params>
            <param index="0">
              <value>
                <![CDATA[amotooricap9@gmail.com]]>
              </value>
            </param>
            <param index="1">
              <value>
                <![CDATA[12345]]>
              </value>
            </param>
          </params>
          <reporter-output>
          </reporter-output>
        </test-method> <!-- verifylogingusingcorrectemailpass -->
        <test-method is-config="true" signature="teardown()[pri:0, instance:com.testngTest1.VeriyLoginFunctionalityTest@639c2c1d]" started-at="2024-08-10T06:09:28 PDT" name="teardown" finished-at="2024-08-10T06:09:28 PDT" duration-ms="345" status="PASS">
          <reporter-output>
          </reporter-output>
        </test-method> <!-- teardown -->
        <test-method is-config="true" signature="setup()[pri:0, instance:com.testngTest1.VeriyLoginFunctionalityTest@639c2c1d]" started-at="2024-08-10T06:09:28 PDT" name="setup" finished-at="2024-08-10T06:09:34 PDT" duration-ms="5771" status="PASS">
          <reporter-output>
          </reporter-output>
        </test-method> <!-- setup -->
        <test-method signature="verifylogingusingcorrectemailpass(java.lang.String,java.lang.String)[pri:4, instance:com.testngTest1.VeriyLoginFunctionalityTest@639c2c1d]" started-at="2024-08-10T06:09:34 PDT" name="verifylogingusingcorrectemailpass" data-provider="testData" finished-at="2024-08-10T06:09:35 PDT" duration-ms="1072" status="PASS">
          <params>
            <param index="0">
              <value>
                <![CDATA[amotooricap1@gmail.com]]>
              </value>
            </param>
            <param index="1">
              <value>
                <![CDATA[12345]]>
              </value>
            </param>
          </params>
          <reporter-output>
          </reporter-output>
        </test-method> <!-- verifylogingusingcorrectemailpass -->
        <test-method is-config="true" signature="teardown()[pri:0, instance:com.testngTest1.VeriyLoginFunctionalityTest@639c2c1d]" started-at="2024-08-10T06:09:35 PDT" name="teardown" finished-at="2024-08-10T06:09:36 PDT" duration-ms="972" status="PASS">
          <reporter-output>
          </reporter-output>
        </test-method> <!-- teardown -->
      </class> <!-- com.testngTest1.VeriyLoginFunctionalityTest -->
      <class name="com.testngTest1.VerifySearchFunctinalityTest">
        <test-method is-config="true" signature="setup()[pri:0, instance:com.testngTest1.VerifySearchFunctinalityTest@765d7657]" started-at="2024-08-10T06:09:36 PDT" name="setup" finished-at="2024-08-10T06:09:41 PDT" duration-ms="5639" status="PASS">
          <reporter-output>
          </reporter-output>
        </test-method> <!-- setup -->
        <test-method signature="verifysearchwithvalidprduct()[pri:1, instance:com.testngTest1.VerifySearchFunctinalityTest@765d7657]" started-at="2024-08-10T06:09:41 PDT" name="verifysearchwithvalidprduct" finished-at="2024-08-10T06:09:42 PDT" duration-ms="646" status="PASS">
          <reporter-output>
          </reporter-output>
        </test-method> <!-- verifysearchwithvalidprduct -->
        <test-method is-config="true" signature="teardown()[pri:0, instance:com.testngTest1.VerifySearchFunctinalityTest@765d7657]" started-at="2024-08-10T06:09:42 PDT" name="teardown" finished-at="2024-08-10T06:09:42 PDT" duration-ms="361" status="PASS">
          <reporter-output>
          </reporter-output>
        </test-method> <!-- teardown -->
        <test-method is-config="true" signature="setup()[pri:0, instance:com.testngTest1.VerifySearchFunctinalityTest@765d7657]" started-at="2024-08-10T06:09:42 PDT" name="setup" finished-at="2024-08-10T06:09:48 PDT" duration-ms="5154" status="PASS">
          <reporter-output>
          </reporter-output>
        </test-method> <!-- setup -->
        <test-method signature="verifysearchwithinvalidprduct()[pri:2, instance:com.testngTest1.VerifySearchFunctinalityTest@765d7657]" started-at="2024-08-10T06:09:48 PDT" name="verifysearchwithinvalidprduct" finished-at="2024-08-10T06:09:48 PDT" duration-ms="582" status="FAIL">
          <exception class="java.lang.AssertionError">
            <message>
              <![CDATA[WarningMsgForSearchingInvalidProduct expected [abcd] but found [Products meeting the search criteria]]]>
            </message>
            <full-stacktrace>
              <![CDATA[java.lang.AssertionError: WarningMsgForSearchingInvalidProduct expected [abcd] but found [Products meeting the search criteria]
at org.testng.Assert.fail(Assert.java:99)
at org.testng.Assert.failNotEquals(Assert.java:1037)
at org.testng.Assert.assertEqualsImpl(Assert.java:140)
at org.testng.Assert.assertEquals(Assert.java:122)
at org.testng.Assert.assertEquals(Assert.java:629)
at com.testngTest1.VerifySearchFunctinalityTest.verifysearchwithinvalidprduct(VerifySearchFunctinalityTest.java:41)
at java.base/jdk.internal.reflect.DirectMethodHandleAccessor.invoke(DirectMethodHandleAccessor.java:103)
at java.base/java.lang.reflect.Method.invoke(Method.java:580)
at org.testng.internal.MethodInvocationHelper.invokeMethod(MethodInvocationHelper.java:133)
at org.testng.internal.TestInvoker.invokeMethod(TestInvoker.java:598)
at org.testng.internal.TestInvoker.invokeTestMethod(TestInvoker.java:173)
at org.testng.internal.MethodRunner.runInSequence(MethodRunner.java:46)
at org.testng.internal.TestInvoker$MethodInvocationAgent.invoke(TestInvoker.java:824)
at org.testng.internal.TestInvoker.invokeTestMethods(TestInvoker.java:146)
at org.testng.internal.TestMethodWorker.invokeTestMethods(TestMethodWorker.java:146)
at org.testng.internal.TestMethodWorker.run(TestMethodWorker.java:128)
at java.base/java.util.ArrayList.forEach(ArrayList.java:1596)
at org.testng.TestRunner.privateRun(TestRunner.java:794)
at org.testng.TestRunner.run(TestRunner.java:596)
at org.testng.SuiteRunner.runTest(SuiteRunner.java:377)
at org.testng.SuiteRunner.runSequentially(SuiteRunner.java:371)
at org.testng.SuiteRunner.privateRun(SuiteRunner.java:332)
at org.testng.SuiteRunner.run(SuiteRunner.java:276)
at org.testng.SuiteRunnerWorker.runSuite(SuiteRunnerWorker.java:53)
at org.testng.SuiteRunnerWorker.run(SuiteRunnerWorker.java:96)
at org.testng.TestNG.runSuitesSequentially(TestNG.java:1212)
at org.testng.TestNG.runSuitesLocally(TestNG.java:1134)
at org.testng.TestNG.runSuites(TestNG.java:1063)
at org.testng.TestNG.run(TestNG.java:1031)
at org.testng.remote.AbstractRemoteTestNG.run(AbstractRemoteTestNG.java:115)
at org.testng.remote.RemoteTestNG.initAndRun(RemoteTestNG.java:293)
at org.testng.remote.RemoteTestNG.main(RemoteTestNG.java:91)
]]>
            </full-stacktrace>
          </exception> <!-- java.lang.AssertionError -->
          <reporter-output>
          </reporter-output>
        </test-method> <!-- verifysearchwithinvalidprduct -->
        <test-method is-config="true" signature="teardown()[pri:0, instance:com.testngTest1.VerifySearchFunctinalityTest@765d7657]" started-at="2024-08-10T06:09:48 PDT" name="teardown" finished-at="2024-08-10T06:09:49 PDT" duration-ms="298" status="PASS">
          <reporter-output>
          </reporter-output>
        </test-method> <!-- teardown -->
        <test-method signature="verifysearchwithutenteringproduct()[pri:3, instance:com.testngTest1.VerifySearchFunctinalityTest@765d7657]" started-at="2024-08-10T06:09:49 PDT" name="verifysearchwithutenteringproduct" finished-at="2024-08-10T06:09:49 PDT" depends-on-methods="com.testngTest1.VerifySearchFunctinalityTest.verifysearchwithvalidprduct, com.testngTest1.VerifySearchFunctinalityTest.verifysearchwithinvalidprduct" duration-ms="0" status="SKIP">
          <exception class="java.lang.Throwable">
            <message>
              <![CDATA[Method VerifySearchFunctinalityTest.verifysearchwithutenteringproduct()[pri:3, instance:com.testngTest1.VerifySearchFunctinalityTest@765d7657] depends on not successfully finished methods]]>
            </message>
            <full-stacktrace>
              <![CDATA[java.lang.Throwable: Method VerifySearchFunctinalityTest.verifysearchwithutenteringproduct()[pri:3, instance:com.testngTest1.VerifySearchFunctinalityTest@765d7657] depends on not successfully finished methods
at org.testng.internal.TestInvoker.invokeTestMethods(TestInvoker.java:102)
at org.testng.internal.TestMethodWorker.invokeTestMethods(TestMethodWorker.java:146)
at org.testng.internal.TestMethodWorker.run(TestMethodWorker.java:128)
at java.base/java.util.ArrayList.forEach(ArrayList.java:1596)
at org.testng.TestRunner.privateRun(TestRunner.java:794)
at org.testng.TestRunner.run(TestRunner.java:596)
at org.testng.SuiteRunner.runTest(SuiteRunner.java:377)
at org.testng.SuiteRunner.runSequentially(SuiteRunner.java:371)
at org.testng.SuiteRunner.privateRun(SuiteRunner.java:332)
at org.testng.SuiteRunner.run(SuiteRunner.java:276)
at org.testng.SuiteRunnerWorker.runSuite(SuiteRunnerWorker.java:53)
at org.testng.SuiteRunnerWorker.run(SuiteRunnerWorker.java:96)
at org.testng.TestNG.runSuitesSequentially(TestNG.java:1212)
at org.testng.TestNG.runSuitesLocally(TestNG.java:1134)
at org.testng.TestNG.runSuites(TestNG.java:1063)
at org.testng.TestNG.run(TestNG.java:1031)
at org.testng.remote.AbstractRemoteTestNG.run(AbstractRemoteTestNG.java:115)
at org.testng.remote.RemoteTestNG.initAndRun(RemoteTestNG.java:293)
at org.testng.remote.RemoteTestNG.main(RemoteTestNG.java:91)
]]>
            </full-stacktrace>
          </exception> <!-- java.lang.Throwable -->
          <reporter-output>
          </reporter-output>
        </test-method> <!-- verifysearchwithutenteringproduct -->
      </class> <!-- com.testngTest1.VerifySearchFunctinalityTest -->
    </test> <!-- Test Cases -->
  </suite> <!-- RegressionSuite for Automation -->
</testng-results>
