<?xml version="1.0" encoding="UTF-8"?>
<!-- Generated by org.testng.reporters.JUnitXMLReporter -->
<testsuite ignored="0" hostname="DESKTOP-FG435U3" failures="1" tests="12" name="Test Cases" time="79.783" errors="0" timestamp="2024-08-10T06:09:49 PDT">
  <testcase classname="com.testngTest1.VerifyRegisterFunctionalityTest" name="verifyregisteringwithsameemail" time="1.288"/>
  <testcase classname="com.testngTest1.VerifyRegisterFunctionalityTest" name="verifyregisteringanaccwithmandatoryfeild" time="1.72"/>
  <testcase classname="com.testngTest1.VerifyRegisterFunctionalityTest" name="verifyregisteraccbyprovidingallfeild" time="1.726"/>
  <testcase classname="com.testngTest1.VeriyLoginFunctionalityTest" name="wrongemailpassverifyerrormsg" time="0.891"/>
  <testcase classname="com.testngTest1.VeriyLoginFunctionalityTest" name="correctemailwrongpass" time="1.177"/>
  <testcase classname="com.testngTest1.VeriyLoginFunctionalityTest" name="wrongemailcorrectpass" time="0.964"/>
  <testcase classname="com.testngTest1.VeriyLoginFunctionalityTest" name="verifylogingusingcorrectemailpass" time="1.069"/>
  <testcase classname="com.testngTest1.VeriyLoginFunctionalityTest" name="verifylogingusingcorrectemailpass" time="1.152"/>
  <testcase classname="com.testngTest1.VeriyLoginFunctionalityTest" name="verifylogingusingcorrectemailpass" time="1.072"/>
  <testcase classname="com.testngTest1.VerifySearchFunctinalityTest" name="verifysearchwithvalidprduct" time="0.646"/>
  <testcase classname="com.testngTest1.VerifySearchFunctinalityTest" name="verifysearchwithinvalidprduct" time="0.582">
    <failure type="java.lang.AssertionError" message="WarningMsgForSearchingInvalidProduct expected [abcd] but found [Products meeting the search criteria]">
      <![CDATA[java.lang.AssertionError: WarningMsgForSearchingInvalidProduct expected [abcd] but found [Products meeting the search criteria]
at com.testngTest1.VerifySearchFunctinalityTest.verifysearchwithinvalidprduct(VerifySearchFunctinalityTest.java:41)
at java.base/java.util.ArrayList.forEach(ArrayList.java:1596)
... Removed 30 stack frames]]>
    </failure>
  </testcase> <!-- verifysearchwithinvalidprduct -->
  <testcase classname="com.testngTest1.VerifySearchFunctinalityTest" name="verifysearchwithutenteringproduct" time="0.0">
    <skipped/>
  </testcase> <!-- verifysearchwithutenteringproduct -->
</testsuite> <!-- Test Cases -->
